Using pre-set license
Built from '2021.2/staging' branch; Version is '2021.2.2f1 (5e2b1e92c7f8) revision 6171422'; Using compiler version '192829333'; Build Type 'Release'
OS: 'Windows 10 Pro; OS build 22000.318; Version 2009; 64bit' Language: 'zh' Physical Memory: 16183 MB
BatchMode: 1, IsHumanControllingUs: 0, StartBugReporterOnCrash: 0, Is64bit: 1, IsPro: 0

COMMAND LINE ARGUMENTS:
C:\Program Files\Unity\Hub\Editor\2021.2.2f1\Editor\Unity.exe
-adb2
-batchMode
-noUpm
-name
AssetImportWorker1
-projectPath
C:/Users/Administrator.DESKTOP-T5SKIKE/Documents/Github/Unity-Research-TroopMove
-logFile
Logs/AssetImportWorker1.log
-srvPort
54820
Successfully changed project path to: C:/Users/Administrator.DESKTOP-T5SKIKE/Documents/Github/Unity-Research-TroopMove
C:/Users/Administrator.DESKTOP-T5SKIKE/Documents/Github/Unity-Research-TroopMove
[UnityMemory] Configuration Parameters - Can be set up in boot.config
    "memorysetup-bucket-allocator-granularity=16"
    "memorysetup-bucket-allocator-bucket-count=8"
    "memorysetup-bucket-allocator-block-size=33554432"
    "memorysetup-bucket-allocator-block-count=8"
    "memorysetup-main-allocator-block-size=16777216"
    "memorysetup-thread-allocator-block-size=16777216"
    "memorysetup-gfx-main-allocator-block-size=16777216"
    "memorysetup-gfx-thread-allocator-block-size=16777216"
    "memorysetup-cache-allocator-block-size=4194304"
    "memorysetup-typetree-allocator-block-size=2097152"
    "memorysetup-profiler-bucket-allocator-granularity=16"
    "memorysetup-profiler-bucket-allocator-bucket-count=8"
    "memorysetup-profiler-bucket-allocator-block-size=33554432"
    "memorysetup-profiler-bucket-allocator-block-count=8"
    "memorysetup-profiler-allocator-block-size=16777216"
    "memorysetup-profiler-editor-allocator-block-size=1048576"
    "memorysetup-temp-allocator-size-main=16777216"
    "memorysetup-job-temp-allocator-block-size=2097152"
    "memorysetup-job-temp-allocator-block-size-background=1048576"
    "memorysetup-job-temp-allocator-reduction-small-platforms=262144"
    "memorysetup-temp-allocator-size-background-worker=32768"
    "memorysetup-temp-allocator-size-job-worker=262144"
    "memorysetup-temp-allocator-size-preload-manager=33554432"
    "memorysetup-temp-allocator-size-nav-mesh-worker=65536"
    "memorysetup-temp-allocator-size-audio-worker=65536"
    "memorysetup-temp-allocator-size-cloud-worker=32768"
    "memorysetup-temp-allocator-size-gi-baking-worker=262144"
    "memorysetup-temp-allocator-size-gfx=262144"
Refreshing native plugins compatible for Editor in 95.49 ms, found 3 plugins.
Preloading 0 native plugins for Editor in 0.00 ms.
Initialize engine version: 2021.2.2f1 (5e2b1e92c7f8)
[Subsystems] Discovering subsystems at path C:/Program Files/Unity/Hub/Editor/2021.2.2f1/Editor/Data/Resources/UnitySubsystems
[Subsystems] Discovering subsystems at path C:/Users/Administrator.DESKTOP-T5SKIKE/Documents/Github/Unity-Research-TroopMove/Assets
GfxDevice: creating device client; threaded=0; jobified=0
Direct3D:
    Version:  Direct3D 11.0 [level 11.1]
    Renderer: NVIDIA GeForce MX450 (ID=0x1f97)
    Vendor:   NVIDIA
    VRAM:     1928 MB
    Driver:   30.0.14.7141
Initialize mono
Mono path[0] = 'C:/Program Files/Unity/Hub/Editor/2021.2.2f1/Editor/Data/Managed'
Mono path[1] = 'C:/Program Files/Unity/Hub/Editor/2021.2.2f1/Editor/Data/MonoBleedingEdge/lib/mono/unityjit-win32'
Mono config path = 'C:/Program Files/Unity/Hub/Editor/2021.2.2f1/Editor/Data/MonoBleedingEdge/etc'
Using monoOptions --debugger-agent=transport=dt_socket,embedding=1,server=y,suspend=n,address=127.0.0.1:56820
Begin MonoManager ReloadAssembly
Registering precompiled unity dll's ...
Register platform support module: C:/Program Files/Unity/Hub/Editor/2021.2.2f1/Editor/Data/PlaybackEngines/WindowsStandaloneSupport/UnityEditor.WindowsStandalone.Extensions.dll
Registered in 0.013670 seconds.
Native extension for WindowsStandalone target not found
Refreshing native plugins compatible for Editor in 91.88 ms, found 3 plugins.
Preloading 0 native plugins for Editor in 0.00 ms.
Mono: successfully reloaded assembly
- Completed reload, in  0.628 seconds
Domain Reload Profiling:
	ReloadAssembly (628ms)
		BeginReloadAssembly (90ms)
			ExecutionOrderSort (0ms)
			DisableScriptedObjects (0ms)
			BackupInstance (0ms)
			ReleaseScriptingObjects (0ms)
			CreateAndSetChildDomain (1ms)
		EndReloadAssembly (435ms)
			LoadAssemblies (82ms)
			RebuildTransferFunctionScriptingTraits (0ms)
			SetupTypeCache (90ms)
			ReleaseScriptCaches (0ms)
			RebuildScriptCaches (24ms)
			SetupLoadedEditorAssemblies (263ms)
				LogAssemblyErrors (0ms)
				InitializePlatformSupportModulesInManaged (16ms)
				SetLoadedEditorAssemblies (0ms)
				RefreshPlugins (92ms)
				BeforeProcessingInitializeOnLoad (1ms)
				ProcessInitializeOnLoadAttributes (114ms)
				ProcessInitializeOnLoadMethodAttributes (40ms)
				AfterProcessingInitializeOnLoad (0ms)
				EditorAssembliesLoaded (0ms)
			ExecutionOrderSort2 (0ms)
			AwakeInstancesAfterBackupRestoration (0ms)
Platform modules already initialized, skipping
Registering precompiled user dll's ...
Registered in 0.016571 seconds.
Begin MonoManager ReloadAssembly
Symbol file LoadedFromMemory doesn't match image C:\Users\Administrator.DESKTOP-T5SKIKE\Documents\Github\Unity-Research-TroopMove\Library\PackageCache\com.unity.visualscripting@1.7.5\Editor\VisualScripting.Core\Dependencies\YamlDotNet\Unity.VisualScripting.YamlDotNet.dll
Symbol file LoadedFromMemory doesn't match image C:\Users\Administrator.DESKTOP-T5SKIKE\Documents\Github\Unity-Research-TroopMove\Library\PackageCache\com.unity.visualscripting@1.7.5\Editor\VisualScripting.Core\Dependencies\DotNetZip\Unity.VisualScripting.IonicZip.dll
Native extension for WindowsStandalone target not found
Refreshing native plugins compatible for Editor in 100.84 ms, found 3 plugins.
Preloading 0 native plugins for Editor in 0.00 ms.
Mono: successfully reloaded assembly
- Completed reload, in  1.672 seconds
Domain Reload Profiling:
	ReloadAssembly (1673ms)
		BeginReloadAssembly (175ms)
			ExecutionOrderSort (0ms)
			DisableScriptedObjects (6ms)
			BackupInstance (0ms)
			ReleaseScriptingObjects (0ms)
			CreateAndSetChildDomain (20ms)
		EndReloadAssembly (1379ms)
			LoadAssemblies (102ms)
			RebuildTransferFunctionScriptingTraits (0ms)
			SetupTypeCache (241ms)
			ReleaseScriptCaches (1ms)
			RebuildScriptCaches (61ms)
			SetupLoadedEditorAssemblies (858ms)
				LogAssemblyErrors (0ms)
				InitializePlatformSupportModulesInManaged (11ms)
				SetLoadedEditorAssemblies (0ms)
				RefreshPlugins (101ms)
				BeforeProcessingInitializeOnLoad (134ms)
				ProcessInitializeOnLoadAttributes (517ms)
				ProcessInitializeOnLoadMethodAttributes (71ms)
				AfterProcessingInitializeOnLoad (24ms)
				EditorAssembliesLoaded (0ms)
			ExecutionOrderSort2 (0ms)
			AwakeInstancesAfterBackupRestoration (9ms)
Platform modules already initialized, skipping
========================================================================
Worker process is ready to serve import requests
Launched and connected shader compiler UnityShaderCompiler.exe after 0.05 seconds
Refreshing native plugins compatible for Editor in 0.99 ms, found 3 plugins.
Preloading 0 native plugins for Editor in 0.00 ms.
Unloading 4844 Unused Serialized files (Serialized files now loaded: 0)
Unloading 34 unused Assets / (0.7 MB). Loaded Objects now: 5293.
Memory consumption went from 195.2 MB to 194.5 MB.
Total: 3.983000 ms (FindLiveObjects: 0.438900 ms CreateObjectMapping: 0.296600 ms MarkObjects: 2.950700 ms  DeleteObjects: 0.292800 ms)

AssetImportParameters requested are different than current active one (requested -> active):
  custom:video-decoder-ogg-theora: a1e56fd34408186e4bbccfd4996cb3dc -> 
  custom:container-muxer-webm: aa71ff27fc2769a1b78a27578f13a17b -> 
  custom:container-demuxer-webm: 4f35f7cbe854078d1ac9338744f61a02 -> 
  custom:video-encoder-webm-vp8: eb34c28f22e8b96e1ab97ce403110664 -> 
  custom:audio-encoder-webm-vorbis: bf7c407c2cedff20999df2af8eb42d56 -> 
  custom:framework-win-MediaFoundation: 216162199b28c13a410421893ffa2e32 -> 
  custom:container-demuxer-ogg: 62fdf1f143b41e24485cea50d1cbac27 -> 
  custom:video-decoder-webm-vp8: 9c59270c3fd7afecdb556c50c9e8de78 -> 
  custom:audio-decoder-ogg-vorbis: bf7c407c2cedff20999df2af8eb42d56 -> 
========================================================================
Received Import Request.
  Time since last request: 105041.587127 seconds.
  path: Assets/UniversalRenderPipelineGlobalSettings.asset
  artifactKey: Guid(18dc0cd2c080841dea60987a38ce93fa) Importer(815301076,1909f56bfc062723c751e8b465ee728b)
Start importing Assets/UniversalRenderPipelineGlobalSettings.asset using Guid(18dc0cd2c080841dea60987a38ce93fa) Importer(815301076,1909f56bfc062723c751e8b465ee728b)  -> (artifact id: '2eecc253734895facb66926253515a97') in 0.038401 seconds 
========================================================================
Received Prepare
Registering precompiled user dll's ...
Registered in 0.017904 seconds.
Begin MonoManager ReloadAssembly
Symbol file LoadedFromMemory doesn't match image C:\Users\Administrator.DESKTOP-T5SKIKE\Documents\Github\Unity-Research-TroopMove\Library\PackageCache\com.unity.visualscripting@1.7.5\Editor\VisualScripting.Core\Dependencies\YamlDotNet\Unity.VisualScripting.YamlDotNet.dll
Symbol file LoadedFromMemory doesn't match image C:\Users\Administrator.DESKTOP-T5SKIKE\Documents\Github\Unity-Research-TroopMove\Library\PackageCache\com.unity.visualscripting@1.7.5\Editor\VisualScripting.Core\Dependencies\DotNetZip\Unity.VisualScripting.IonicZip.dll
Native extension for WindowsStandalone target not found
Refreshing native plugins compatible for Editor in 0.73 ms, found 3 plugins.
Preloading 0 native plugins for Editor in 0.00 ms.
Mono: successfully reloaded assembly
- Completed reload, in  1.377 seconds
Domain Reload Profiling:
	ReloadAssembly (1377ms)
		BeginReloadAssembly (182ms)
			ExecutionOrderSort (0ms)
			DisableScriptedObjects (6ms)
			BackupInstance (0ms)
			ReleaseScriptingObjects (0ms)
			CreateAndSetChildDomain (54ms)
		EndReloadAssembly (1069ms)
			LoadAssemblies (113ms)
			RebuildTransferFunctionScriptingTraits (0ms)
			SetupTypeCache (240ms)
			ReleaseScriptCaches (2ms)
			RebuildScriptCaches (38ms)
			SetupLoadedEditorAssemblies (550ms)
				LogAssemblyErrors (0ms)
				InitializePlatformSupportModulesInManaged (15ms)
				SetLoadedEditorAssemblies (0ms)
				RefreshPlugins (1ms)
				BeforeProcessingInitializeOnLoad (104ms)
				ProcessInitializeOnLoadAttributes (348ms)
				ProcessInitializeOnLoadMethodAttributes (62ms)
				AfterProcessingInitializeOnLoad (19ms)
				EditorAssembliesLoaded (0ms)
			ExecutionOrderSort2 (0ms)
			AwakeInstancesAfterBackupRestoration (15ms)
Platform modules already initialized, skipping
Refreshing native plugins compatible for Editor in 0.72 ms, found 3 plugins.
Preloading 0 native plugins for Editor in 0.00 ms.
Unloading 4721 Unused Serialized files (Serialized files now loaded: 0)
Unloading 28 unused Assets / (0.7 MB). Loaded Objects now: 5295.
Memory consumption went from 186.9 MB to 186.2 MB.
Total: 4.765300 ms (FindLiveObjects: 0.534300 ms CreateObjectMapping: 0.414400 ms MarkObjects: 3.451800 ms  DeleteObjects: 0.362500 ms)

AssetImportParameters requested are different than current active one (requested -> active):
  custom:video-decoder-ogg-theora: a1e56fd34408186e4bbccfd4996cb3dc -> 
  custom:container-muxer-webm: aa71ff27fc2769a1b78a27578f13a17b -> 
  custom:container-demuxer-webm: 4f35f7cbe854078d1ac9338744f61a02 -> 
  custom:video-encoder-webm-vp8: eb34c28f22e8b96e1ab97ce403110664 -> 
  custom:audio-encoder-webm-vorbis: bf7c407c2cedff20999df2af8eb42d56 -> 
  custom:framework-win-MediaFoundation: 216162199b28c13a410421893ffa2e32 -> 
  custom:container-demuxer-ogg: 62fdf1f143b41e24485cea50d1cbac27 -> 
  custom:video-decoder-webm-vp8: 9c59270c3fd7afecdb556c50c9e8de78 -> 
  custom:audio-decoder-ogg-vorbis: bf7c407c2cedff20999df2af8eb42d56 -> 
========================================================================
Received Import Request.
  Time since last request: 6.174311 seconds.
  path: Assets/Settings/URP-HighFidelity.asset
  artifactKey: Guid(7b7fd9122c28c4d15b667c7040e3b3fd) Importer(815301076,1909f56bfc062723c751e8b465ee728b)
Start importing Assets/Settings/URP-HighFidelity.asset using Guid(7b7fd9122c28c4d15b667c7040e3b3fd) Importer(815301076,1909f56bfc062723c751e8b465ee728b)  -> (artifact id: 'f373e007559208dbd952668fc8601503') in 0.020045 seconds 
========================================================================
Received Import Request.
  Time since last request: 0.000045 seconds.
  path: Assets/Settings/SampleSceneProfile.asset
  artifactKey: Guid(a6560a915ef98420e9faacc1c7438823) Importer(815301076,1909f56bfc062723c751e8b465ee728b)
Start importing Assets/Settings/SampleSceneProfile.asset using Guid(a6560a915ef98420e9faacc1c7438823) Importer(815301076,1909f56bfc062723c751e8b465ee728b)  -> (artifact id: 'e5bd75c520ef9547e08014ff43c91054') in 0.011003 seconds 
========================================================================
Received Import Request.
  Time since last request: 0.000033 seconds.
  path: Assets/Settings
  artifactKey: Guid(709f11a7f3c4041caa4ef136ea32d874) Importer(815301076,1909f56bfc062723c751e8b465ee728b)
Start importing Assets/Settings using Guid(709f11a7f3c4041caa4ef136ea32d874) Importer(815301076,1909f56bfc062723c751e8b465ee728b)  -> (artifact id: 'dfaa9b38051423c63420310940c3f677') in 0.002227 seconds 
========================================================================
Received Import Request.
  Time since last request: 0.000031 seconds.
  path: Assets/Settings/URP-HighFidelity-Renderer.asset
  artifactKey: Guid(c40be3174f62c4acf8c1216858c64956) Importer(815301076,1909f56bfc062723c751e8b465ee728b)
Start importing Assets/Settings/URP-HighFidelity-Renderer.asset using Guid(c40be3174f62c4acf8c1216858c64956) Importer(815301076,1909f56bfc062723c751e8b465ee728b)  -> (artifact id: '44b03b7edfc27bacf2b5441dc98ae73a') in 0.006486 seconds 
========================================================================
Received Import Request.
  Time since last request: 0.000049 seconds.
  path: Assets/Settings/URP-Performant.asset
  artifactKey: Guid(d0e2fc18fe036412f8223b3b3d9ad574) Importer(815301076,1909f56bfc062723c751e8b465ee728b)
Start importing Assets/Settings/URP-Performant.asset using Guid(d0e2fc18fe036412f8223b3b3d9ad574) Importer(815301076,1909f56bfc062723c751e8b465ee728b)  -> (artifact id: '487870a79fa3f7c27236b295a642ea4f') in 0.004006 seconds 
========================================================================
Received Import Request.
  Time since last request: 0.000035 seconds.
  path: Assets/Settings/URP-Balanced-Renderer.asset
  artifactKey: Guid(e634585d5c4544dd297acaee93dc2beb) Importer(815301076,1909f56bfc062723c751e8b465ee728b)
Start importing Assets/Settings/URP-Balanced-Renderer.asset using Guid(e634585d5c4544dd297acaee93dc2beb) Importer(815301076,1909f56bfc062723c751e8b465ee728b)  -> (artifact id: 'ae3b643dd8250ee901a01ee80ff5d07d') in 0.004888 seconds 
========================================================================
Received Prepare
Registering precompiled user dll's ...
Registered in 0.020443 seconds.
Begin MonoManager ReloadAssembly
Symbol file LoadedFromMemory doesn't match image C:\Users\Administrator.DESKTOP-T5SKIKE\Documents\Github\Unity-Research-TroopMove\Library\PackageCache\com.unity.visualscripting@1.7.5\Editor\VisualScripting.Core\Dependencies\YamlDotNet\Unity.VisualScripting.YamlDotNet.dll
Symbol file LoadedFromMemory doesn't match image C:\Users\Administrator.DESKTOP-T5SKIKE\Documents\Github\Unity-Research-TroopMove\Library\PackageCache\com.unity.visualscripting@1.7.5\Editor\VisualScripting.Core\Dependencies\DotNetZip\Unity.VisualScripting.IonicZip.dll
Native extension for WindowsStandalone target not found
Refreshing native plugins compatible for Editor in 0.85 ms, found 3 plugins.
Preloading 0 native plugins for Editor in 0.00 ms.
Mono: successfully reloaded assembly
- Completed reload, in  1.483 seconds
Domain Reload Profiling:
	ReloadAssembly (1484ms)
		BeginReloadAssembly (181ms)
			ExecutionOrderSort (0ms)
			DisableScriptedObjects (5ms)
			BackupInstance (0ms)
			ReleaseScriptingObjects (0ms)
			CreateAndSetChildDomain (42ms)
		EndReloadAssembly (1167ms)
			LoadAssemblies (132ms)
			RebuildTransferFunctionScriptingTraits (0ms)
			SetupTypeCache (266ms)
			ReleaseScriptCaches (2ms)
			RebuildScriptCaches (57ms)
			SetupLoadedEditorAssemblies (573ms)
				LogAssemblyErrors (0ms)
				InitializePlatformSupportModulesInManaged (13ms)
				SetLoadedEditorAssemblies (1ms)
				RefreshPlugins (1ms)
				BeforeProcessingInitializeOnLoad (118ms)
				ProcessInitializeOnLoadAttributes (347ms)
				ProcessInitializeOnLoadMethodAttributes (67ms)
				AfterProcessingInitializeOnLoad (26ms)
				EditorAssembliesLoaded (0ms)
			ExecutionOrderSort2 (0ms)
			AwakeInstancesAfterBackupRestoration (21ms)
Platform modules already initialized, skipping
Refreshing native plugins compatible for Editor in 0.75 ms, found 3 plugins.
Preloading 0 native plugins for Editor in 0.00 ms.
Unloading 4728 Unused Serialized files (Serialized files now loaded: 0)
Unloading 31 unused Assets / (0.7 MB). Loaded Objects now: 5305.
Memory consumption went from 187.2 MB to 186.6 MB.
Total: 4.075900 ms (FindLiveObjects: 0.362100 ms CreateObjectMapping: 0.169700 ms MarkObjects: 3.024900 ms  DeleteObjects: 0.517400 ms)

AssetImportParameters requested are different than current active one (requested -> active):
  custom:video-decoder-ogg-theora: a1e56fd34408186e4bbccfd4996cb3dc -> 
  custom:container-muxer-webm: aa71ff27fc2769a1b78a27578f13a17b -> 
  custom:container-demuxer-webm: 4f35f7cbe854078d1ac9338744f61a02 -> 
  custom:video-encoder-webm-vp8: eb34c28f22e8b96e1ab97ce403110664 -> 
  custom:audio-encoder-webm-vorbis: bf7c407c2cedff20999df2af8eb42d56 -> 
  custom:framework-win-MediaFoundation: 216162199b28c13a410421893ffa2e32 -> 
  custom:container-demuxer-ogg: 62fdf1f143b41e24485cea50d1cbac27 -> 
  custom:video-decoder-webm-vp8: 9c59270c3fd7afecdb556c50c9e8de78 -> 
  custom:audio-decoder-ogg-vorbis: bf7c407c2cedff20999df2af8eb42d56 -> 
========================================================================
Received Import Request.
  Time since last request: 120.079294 seconds.
  path: Assets/Materials/Curve_Mat.mat
  artifactKey: Guid(65b52fbf94b50244e921c71ac9120e7d) Importer(815301076,1909f56bfc062723c751e8b465ee728b)
Start importing Assets/Materials/Curve_Mat.mat using Guid(65b52fbf94b50244e921c71ac9120e7d) Importer(815301076,1909f56bfc062723c751e8b465ee728b)  -> (artifact id: 'cb80349ea1e25c2d748e9bf1b779a4e0') in 1.896742 seconds 
========================================================================
Received Import Request.
  Time since last request: 0.000058 seconds.
  path: Assets/Prefabs/Block.prefab
  artifactKey: Guid(0c5bcd08ff4b48a4c9206fbe2f091696) Importer(815301076,1909f56bfc062723c751e8b465ee728b)
Start importing Assets/Prefabs/Block.prefab using Guid(0c5bcd08ff4b48a4c9206fbe2f091696) Importer(815301076,1909f56bfc062723c751e8b465ee728b)  -> (artifact id: '0b58d08ec990f177f8a77c9c5fc12d4c') in 0.045526 seconds 
========================================================================
Received Import Request.
  Time since last request: 0.000043 seconds.
  path: Assets/Prefabs/Soldier.prefab
  artifactKey: Guid(fc3ab2552a4ff63449f9ca963c1c5e31) Importer(815301076,1909f56bfc062723c751e8b465ee728b)
Start importing Assets/Prefabs/Soldier.prefab using Guid(fc3ab2552a4ff63449f9ca963c1c5e31) Importer(815301076,1909f56bfc062723c751e8b465ee728b)  -> (artifact id: '61ed4bea14a815c3be5d0c918a50ba4b') in 0.041055 seconds 
========================================================================
Received Import Request.
  Time since last request: 0.000037 seconds.
  path: Assets/Materials/Path_Mat.mat
  artifactKey: Guid(c14ecf02436cfaf4c8ea3453d821a039) Importer(815301076,1909f56bfc062723c751e8b465ee728b)
Start importing Assets/Materials/Path_Mat.mat using Guid(c14ecf02436cfaf4c8ea3453d821a039) Importer(815301076,1909f56bfc062723c751e8b465ee728b)  -> (artifact id: 'd9b8369b4cabf208c8b29a076cb086d7') in 0.023909 seconds 
========================================================================
Received Import Request.
  Time since last request: 0.000030 seconds.
  path: Assets/Materials/End_Mat.mat
  artifactKey: Guid(86eb3d1db4cf3c247b4dad976b064154) Importer(815301076,1909f56bfc062723c751e8b465ee728b)
Start importing Assets/Materials/End_Mat.mat using Guid(86eb3d1db4cf3c247b4dad976b064154) Importer(815301076,1909f56bfc062723c751e8b465ee728b)  -> (artifact id: 'df9bac4c1766d73340049bf3d2be5f5a') in 0.019791 seconds 
========================================================================
Received Import Request.
  Time since last request: 0.000039 seconds.
  path: Assets/Materials/Moveable_Mat.mat
  artifactKey: Guid(3cbcff04406ceec418a4bbe8e0aca46d) Importer(815301076,1909f56bfc062723c751e8b465ee728b)
Start importing Assets/Materials/Moveable_Mat.mat using Guid(3cbcff04406ceec418a4bbe8e0aca46d) Importer(815301076,1909f56bfc062723c751e8b465ee728b)  -> (artifact id: 'b1f861b9b9ceaddc8a7161535cd16db1') in 0.021129 seconds 
========================================================================
Received Prepare
Registering precompiled user dll's ...
Registered in 0.026538 seconds.
Begin MonoManager ReloadAssembly
Symbol file LoadedFromMemory doesn't match image C:\Users\Administrator.DESKTOP-T5SKIKE\Documents\Github\Unity-Research-TroopMove\Library\PackageCache\com.unity.visualscripting@1.7.5\Editor\VisualScripting.Core\Dependencies\YamlDotNet\Unity.VisualScripting.YamlDotNet.dll
Symbol file LoadedFromMemory doesn't match image C:\Users\Administrator.DESKTOP-T5SKIKE\Documents\Github\Unity-Research-TroopMove\Library\PackageCache\com.unity.visualscripting@1.7.5\Editor\VisualScripting.Core\Dependencies\DotNetZip\Unity.VisualScripting.IonicZip.dll
Native extension for WindowsStandalone target not found
Refreshing native plugins compatible for Editor in 2.46 ms, found 3 plugins.
Preloading 0 native plugins for Editor in 0.00 ms.
Mono: successfully reloaded assembly
- Completed reload, in  2.249 seconds
Domain Reload Profiling:
	ReloadAssembly (2251ms)
		BeginReloadAssembly (259ms)
			ExecutionOrderSort (0ms)
			DisableScriptedObjects (13ms)
			BackupInstance (0ms)
			ReleaseScriptingObjects (0ms)
			CreateAndSetChildDomain (62ms)
		EndReloadAssembly (1820ms)
			LoadAssemblies (185ms)
			RebuildTransferFunctionScriptingTraits (0ms)
			SetupTypeCache (344ms)
			ReleaseScriptCaches (2ms)
			RebuildScriptCaches (91ms)
			SetupLoadedEditorAssemblies (806ms)
				LogAssemblyErrors (0ms)
				InitializePlatformSupportModulesInManaged (17ms)
				SetLoadedEditorAssemblies (1ms)
				RefreshPlugins (3ms)
				BeforeProcessingInitializeOnLoad (136ms)
				ProcessInitializeOnLoadAttributes (509ms)
				ProcessInitializeOnLoadMethodAttributes (110ms)
				AfterProcessingInitializeOnLoad (30ms)
				EditorAssembliesLoaded (1ms)
			ExecutionOrderSort2 (0ms)
			AwakeInstancesAfterBackupRestoration (35ms)
Platform modules already initialized, skipping
Refreshing native plugins compatible for Editor in 1.32 ms, found 3 plugins.
Preloading 0 native plugins for Editor in 0.00 ms.
Unloading 4733 Unused Serialized files (Serialized files now loaded: 0)
Unloading 25 unused Assets / (309.8 KB). Loaded Objects now: 5409.
Memory consumption went from 196.9 MB to 196.6 MB.
Total: 3.659600 ms (FindLiveObjects: 0.466500 ms CreateObjectMapping: 0.181700 ms MarkObjects: 2.937700 ms  DeleteObjects: 0.072200 ms)

AssetImportParameters requested are different than current active one (requested -> active):
  custom:video-decoder-ogg-theora: a1e56fd34408186e4bbccfd4996cb3dc -> 
  custom:container-muxer-webm: aa71ff27fc2769a1b78a27578f13a17b -> 
  custom:container-demuxer-webm: 4f35f7cbe854078d1ac9338744f61a02 -> 
  custom:video-encoder-webm-vp8: eb34c28f22e8b96e1ab97ce403110664 -> 
  custom:audio-encoder-webm-vorbis: bf7c407c2cedff20999df2af8eb42d56 -> 
  custom:framework-win-MediaFoundation: 216162199b28c13a410421893ffa2e32 -> 
  custom:container-demuxer-ogg: 62fdf1f143b41e24485cea50d1cbac27 -> 
  custom:video-decoder-webm-vp8: 9c59270c3fd7afecdb556c50c9e8de78 -> 
  custom:audio-decoder-ogg-vorbis: bf7c407c2cedff20999df2af8eb42d56 -> 
========================================================================
Received Import Request.
  Time since last request: 32.554339 seconds.
  path: Assets/ExampleAssets/Materials/DryWall_Mat.mat
  artifactKey: Guid(a68228c24abfa2f4b8954d7b0148f799) Importer(815301076,1909f56bfc062723c751e8b465ee728b)
Start importing Assets/ExampleAssets/Materials/DryWall_Mat.mat using Guid(a68228c24abfa2f4b8954d7b0148f799) Importer(815301076,1909f56bfc062723c751e8b465ee728b)  -> (artifact id: 'd7e34501db7d9961404954880fe0c7db') in 1.891147 seconds 
========================================================================
Received Import Request.
  Time since last request: 0.000051 seconds.
  path: Assets/ExampleAssets/Models/hammer_low.fbx
  artifactKey: Guid(68a66fb5a71f8204a8dcb613c97d1fa8) Importer(815301076,1909f56bfc062723c751e8b465ee728b)
Start importing Assets/ExampleAssets/Models/hammer_low.fbx using Guid(68a66fb5a71f8204a8dcb613c97d1fa8) Importer(815301076,1909f56bfc062723c751e8b465ee728b)  -> (artifact id: 'e4c9ad0ad35e54d55cfb7c4cc434d181') in 0.296168 seconds 
========================================================================
Received Import Request.
  Time since last request: 0.000038 seconds.
  path: Assets/ExampleAssets/Models/safetygoggles_low.fbx
  artifactKey: Guid(6296e48663fd7ad46b1a2af507f871cf) Importer(815301076,1909f56bfc062723c751e8b465ee728b)
Start importing Assets/ExampleAssets/Models/safetygoggles_low.fbx using Guid(6296e48663fd7ad46b1a2af507f871cf) Importer(815301076,1909f56bfc062723c751e8b465ee728b)  -> (artifact id: '9ce77a517da501e644786440285a25ae') in 0.073381 seconds 
========================================================================
Received Import Request.
  Time since last request: 0.000031 seconds.
  path: Assets/ExampleAssets/Models/Workbench_Low.fbx
  artifactKey: Guid(ff6dc36862fe41641bb21568d92147c9) Importer(815301076,1909f56bfc062723c751e8b465ee728b)
Start importing Assets/ExampleAssets/Models/Workbench_Low.fbx using Guid(ff6dc36862fe41641bb21568d92147c9) Importer(815301076,1909f56bfc062723c751e8b465ee728b)  -> (artifact id: '7ee054a602e4b647e8452aace9c8b3a9') in 0.156953 seconds 
========================================================================
Received Import Request.
  Time since last request: 0.000032 seconds.
  path: Assets/ExampleAssets/Materials/Plastic_Rough_Mat.mat
  artifactKey: Guid(a5aaee4111611af43b5abbff184fe5fa) Importer(815301076,1909f56bfc062723c751e8b465ee728b)
Start importing Assets/ExampleAssets/Materials/Plastic_Rough_Mat.mat using Guid(a5aaee4111611af43b5abbff184fe5fa) Importer(815301076,1909f56bfc062723c751e8b465ee728b)  -> (artifact id: '457900942776be4959c37d64e3d04630') in 1.445218 seconds 
========================================================================
Received Import Request.
  Time since last request: 0.000036 seconds.
  path: Assets/ExampleAssets/Models/jigsaw_low.fbx
  artifactKey: Guid(8b73e8872ca76104bbca4ee2b704a1b4) Importer(815301076,1909f56bfc062723c751e8b465ee728b)
Start importing Assets/ExampleAssets/Models/jigsaw_low.fbx using Guid(8b73e8872ca76104bbca4ee2b704a1b4) Importer(815301076,1909f56bfc062723c751e8b465ee728b)  -> (artifact id: 'aaa37b357a10a8f888977899e1eb2940') in 0.064433 seconds 
========================================================================
Received Import Request.
  Time since last request: 0.000032 seconds.
  path: Assets/ExampleAssets/Materials/Plastic_Transparent.mat
  artifactKey: Guid(8a38b7350df9a9c438e568993a00e5c5) Importer(815301076,1909f56bfc062723c751e8b465ee728b)
Start importing Assets/ExampleAssets/Materials/Plastic_Transparent.mat using Guid(8a38b7350df9a9c438e568993a00e5c5) Importer(815301076,1909f56bfc062723c751e8b465ee728b)  -> (artifact id: 'cb461261fd86ee52c8f4a3129f419f14') in 1.431078 seconds 
========================================================================
Received Import Request.
  Time since last request: 0.000040 seconds.
  path: Assets/ExampleAssets/Models/ConstructionLight_Low.fbx
  artifactKey: Guid(e3ae06a3979f53046aa05330d69de1fa) Importer(815301076,1909f56bfc062723c751e8b465ee728b)
Start importing Assets/ExampleAssets/Models/ConstructionLight_Low.fbx using Guid(e3ae06a3979f53046aa05330d69de1fa) Importer(815301076,1909f56bfc062723c751e8b465ee728b)  -> (artifact id: '3271ae8254d129ed6c4194d12b114051') in 0.064254 seconds 
========================================================================
Received Import Request.
  Time since last request: 0.000046 seconds.
  path: Assets/ExampleAssets/Models/Workbench.fbx
  artifactKey: Guid(efe9381559c516743bd05cef82f39ebb) Importer(815301076,1909f56bfc062723c751e8b465ee728b)
Start importing Assets/ExampleAssets/Models/Workbench.fbx using Guid(efe9381559c516743bd05cef82f39ebb) Importer(815301076,1909f56bfc062723c751e8b465ee728b)  -> (artifact id: '657792b45191faadaf300cb688a5af0d') in 0.114026 seconds 
========================================================================
Received Import Request.
  Time since last request: 0.000036 seconds.
  path: Assets/ExampleAssets/Materials/LightBulb_Mat.mat
  artifactKey: Guid(ec739259ec61f5d4ba3ed6d34fd802a6) Importer(815301076,1909f56bfc062723c751e8b465ee728b)
Start importing Assets/ExampleAssets/Materials/LightBulb_Mat.mat using Guid(ec739259ec61f5d4ba3ed6d34fd802a6) Importer(815301076,1909f56bfc062723c751e8b465ee728b)  -> (artifact id: 'c0f121622542288dd530a34d834d525c') in 1.461057 seconds 
========================================================================
Received Import Request.
  Time since last request: 0.000027 seconds.
  path: Assets/ExampleAssets/Materials/Plastic_White_Mat.mat
  artifactKey: Guid(6cfe423139c361a459da7ed9831d4b1c) Importer(815301076,1909f56bfc062723c751e8b465ee728b)
Start importing Assets/ExampleAssets/Materials/Plastic_White_Mat.mat using Guid(6cfe423139c361a459da7ed9831d4b1c) Importer(815301076,1909f56bfc062723c751e8b465ee728b)  -> (artifact id: 'dcc7528dd129c3b5ec077196792e6e44') in 0.015909 seconds 
========================================================================
Received Import Request.
  Time since last request: 0.000060 seconds.
  path: Assets/ExampleAssets/Materials/Liquid_Mat.mat
  artifactKey: Guid(c532880e607f8c84d8b9bf0c46a522ad) Importer(815301076,1909f56bfc062723c751e8b465ee728b)
Start importing Assets/ExampleAssets/Materials/Liquid_Mat.mat using Guid(c532880e607f8c84d8b9bf0c46a522ad) Importer(815301076,1909f56bfc062723c751e8b465ee728b)  -> (artifact id: 'f0cdf734d0776603aa58411cbaa8ad64') in 0.017394 seconds 
========================================================================
Received Import Request.
  Time since last request: 0.000038 seconds.
  path: Assets/ExampleAssets/Materials/OBS_Mat.mat
  artifactKey: Guid(c438e5c679f1be040a135443008e2fce) Importer(815301076,1909f56bfc062723c751e8b465ee728b)
Start importing Assets/ExampleAssets/Materials/OBS_Mat.mat using Guid(c438e5c679f1be040a135443008e2fce) Importer(815301076,1909f56bfc062723c751e8b465ee728b)  -> (artifact id: '6745cb3c8f9639a53da61684c261d3f9') in 0.017447 seconds 
========================================================================
Received Import Request.
  Time since last request: 0.000041 seconds.
  path: Assets/ExampleAssets/Models/safetyhat_low.fbx
  artifactKey: Guid(9d0d902f71acfe646a46cb625f815a49) Importer(815301076,1909f56bfc062723c751e8b465ee728b)
Start importing Assets/ExampleAssets/Models/safetyhat_low.fbx using Guid(9d0d902f71acfe646a46cb625f815a49) Importer(815301076,1909f56bfc062723c751e8b465ee728b)  -> (artifact id: '55a86a15add383c9d6029a389d213fda') in 0.030477 seconds 
========================================================================
Received Import Request.
  Time since last request: 0.000044 seconds.
  path: Assets/ExampleAssets/Materials/PaintBrush_Mat.mat
  artifactKey: Guid(539165557a9d3744680bb21164bea45e) Importer(815301076,1909f56bfc062723c751e8b465ee728b)
Start importing Assets/ExampleAssets/Materials/PaintBrush_Mat.mat using Guid(539165557a9d3744680bb21164bea45e) Importer(815301076,1909f56bfc062723c751e8b465ee728b)  -> (artifact id: '6f1a1aa8cda72be39f8e8fe2631701c3') in 0.019120 seconds 
========================================================================
Received Import Request.
  Time since last request: 0.000031 seconds.
  path: Assets/ExampleAssets/Materials/Stud_Mat.mat
  artifactKey: Guid(027cb3d3d7dc79d41ad763e01759de07) Importer(815301076,1909f56bfc062723c751e8b465ee728b)
Start importing Assets/ExampleAssets/Materials/Stud_Mat.mat using Guid(027cb3d3d7dc79d41ad763e01759de07) Importer(815301076,1909f56bfc062723c751e8b465ee728b)  -> (artifact id: 'fa3282837d8ead77a24fff81deca2fef') in 0.016739 seconds 
========================================================================
Received Import Request.
  Time since last request: 0.000031 seconds.
  path: Assets/ExampleAssets/Models/small_plane.fbx
  artifactKey: Guid(aeaee610429f51f44981e141eb2a3545) Importer(815301076,1909f56bfc062723c751e8b465ee728b)
Start importing Assets/ExampleAssets/Models/small_plane.fbx using Guid(aeaee610429f51f44981e141eb2a3545) Importer(815301076,1909f56bfc062723c751e8b465ee728b)  -> (artifact id: 'cb3fe1764c09fce2f179ca7437d332ea') in 0.025602 seconds 
========================================================================
Received Import Request.
  Time since last request: 32.954196 seconds.
  path: Assets/ExampleAssets/Prefabs/Paint Supplies.prefab
  artifactKey: Guid(283e6530a665e4513959d1cd4883682f) Importer(815301076,1909f56bfc062723c751e8b465ee728b)
Start importing Assets/ExampleAssets/Prefabs/Paint Supplies.prefab using Guid(283e6530a665e4513959d1cd4883682f) Importer(815301076,1909f56bfc062723c751e8b465ee728b)  -> (artifact id: '267d5d8fa9ff86f39af8431e9643c724') in 0.065975 seconds 
========================================================================
Received Import Request.
  Time since last request: 0.000114 seconds.
  path: Assets/ExampleAssets/Prefabs/Workbench_LOD0.prefab
  artifactKey: Guid(c0adcaeba3022437293536832628fdf8) Importer(815301076,1909f56bfc062723c751e8b465ee728b)
Start importing Assets/ExampleAssets/Prefabs/Workbench_LOD0.prefab using Guid(c0adcaeba3022437293536832628fdf8) Importer(815301076,1909f56bfc062723c751e8b465ee728b)  -> (artifact id: '0a8e2329f09487ff4318c520552fafee') in 0.056215 seconds 
========================================================================
Received Import Request.
  Time since last request: 0.000045 seconds.
  path: Assets/ExampleAssets/Prefabs/Props.prefab
  artifactKey: Guid(85dfab9623c67784fa7894de63cd1604) Importer(815301076,1909f56bfc062723c751e8b465ee728b)
Start importing Assets/ExampleAssets/Prefabs/Props.prefab using Guid(85dfab9623c67784fa7894de63cd1604) Importer(815301076,1909f56bfc062723c751e8b465ee728b)  -> (artifact id: '8667c4cb0e47174c71bdf676ee056ae4') in 0.107178 seconds 
